# JRE version: Java(TM) SE Runtime Environment (15.0.2+7) (build 15.0.2+7-27)
# Java VM: Java HotSpot(TM) 64-Bit Server VM (15.0.2+7-27, mixed mode, sharing, tiered, compressed oops, g1 gc, bsd-amd64)
GC Precious Log:
 CPUs: 12 total, 12 available
 Memory: 16384M
 Large Page Support: Disabled
 NUMA Support: Disabled
 Compressed Oops: Enabled (Zero based)
 Heap Region Size: 2M
 Heap Min Capacity: 8M
 Heap Initial Capacity: 256M
 Heap Max Capacity: 4G
 Pre-touch: Disabled
 Parallel Workers: 10
 Concurrent Workers: 3
 Concurrent Refinement Workers: 10
 Periodic GC: Disabled
Heap:
 garbage-first heap   total 75776K, used 48499K [0x0000000700000000, 0x0000000800000000)
  region size 2048K, 15 young (30720K), 2 survivors (4096K)
 Metaspace       used 33956K, capacity 34302K, committed 34864K, reserved 1081344K
  class space    used 3839K, capacity 3961K, committed 3968K, reserved 1048576K
GC Heap History (10 events):
Event: 0.443 GC heap before
{Heap before GC invocations=0 (full 0):
 garbage-first heap   total 266240K, used 22312K [0x0000000700000000, 0x0000000800000000)
  region size 2048K, 11 young (22528K), 0 survivors (0K)
 Metaspace       used 3200K, capacity 5715K, committed 6016K, reserved 1056768K
  class space    used 354K, capacity 561K, committed 640K, reserved 1048576K
}
Event: 0.447 GC heap after
{Heap after GC invocations=1 (full 0):
 garbage-first heap   total 266240K, used 5526K [0x0000000700000000, 0x0000000800000000)
  region size 2048K, 2 young (4096K), 2 survivors (4096K)
 Metaspace       used 3200K, capacity 5715K, committed 6016K, reserved 1056768K
  class space    used 354K, capacity 561K, committed 640K, reserved 1048576K
}
Event: 4.269 GC heap before
{Heap before GC invocations=1 (full 0):
 garbage-first heap   total 266240K, used 36246K [0x0000000700000000, 0x0000000800000000)
  region size 2048K, 18 young (36864K), 2 survivors (4096K)
 Metaspace       used 9012K, capacity 9219K, committed 9344K, reserved 1056768K
  class space    used 1031K, capacity 1096K, committed 1152K, reserved 1048576K
}
Event: 4.275 GC heap after
{Heap after GC invocations=2 (full 0):
 garbage-first heap   total 266240K, used 9908K [0x0000000700000000, 0x0000000800000000)
  region size 2048K, 3 young (6144K), 3 survivors (6144K)
 Metaspace       used 9012K, capacity 9219K, committed 9344K, reserved 1056768K
  class space    used 1031K, capacity 1096K, committed 1152K, reserved 1048576K
}
Event: 28.504 GC heap before
{Heap before GC invocations=2 (full 0):
 garbage-first heap   total 266240K, used 104116K [0x0000000700000000, 0x0000000800000000)
  region size 2048K, 51 young (104448K), 3 survivors (6144K)
 Metaspace       used 20711K, capacity 20929K, committed 21296K, reserved 1069056K
  class space    used 2351K, capacity 2432K, committed 2432K, reserved 1048576K
}
Event: 28.514 GC heap after
{Heap after GC invocations=3 (full 0):
 garbage-first heap   total 266240K, used 16166K [0x0000000700000000, 0x0000000800000000)
  region size 2048K, 6 young (12288K), 6 survivors (12288K)
 Metaspace       used 20711K, capacity 20929K, committed 21296K, reserved 1069056K
  class space    used 2351K, capacity 2432K, committed 2432K, reserved 1048576K
}
Event: 29.369 GC heap before
{Heap before GC invocations=4 (full 0):
 garbage-first heap   total 75776K, used 48934K [0x0000000700000000, 0x0000000800000000)
  region size 2048K, 22 young (45056K), 6 survivors (12288K)
 Metaspace       used 30130K, capacity 30486K, committed 30896K, reserved 1077248K
  class space    used 3418K, capacity 3523K, committed 3584K, reserved 1048576K
}
Event: 29.380 GC heap after
{Heap after GC invocations=5 (full 0):
 garbage-first heap   total 75776K, used 20470K [0x0000000700000000, 0x0000000800000000)
  region size 2048K, 3 young (6144K), 3 survivors (6144K)
 Metaspace       used 30130K, capacity 30486K, committed 30896K, reserved 1077248K
  class space    used 3418K, capacity 3523K, committed 3584K, reserved 1048576K
}
Event: 97.048 GC heap before
{Heap before GC invocations=5 (full 0):
 garbage-first heap   total 75776K, used 47094K [0x0000000700000000, 0x0000000800000000)
  region size 2048K, 17 young (34816K), 3 survivors (6144K)
 Metaspace       used 33535K, capacity 33854K, committed 34352K, reserved 1079296K
  class space    used 3812K, capacity 3897K, committed 3968K, reserved 1048576K
}
Event: 97.061 GC heap after
{Heap after GC invocations=6 (full 0):
 garbage-first heap   total 75776K, used 23923K [0x0000000700000000, 0x0000000800000000)
  region size 2048K, 2 young (4096K), 2 survivors (4096K)
 Metaspace       used 33535K, capacity 33854K, committed 34352K, reserved 1079296K
  class space    used 3812K, capacity 3897K, committed 3968K, reserved 1048576K
}

