# JRE version: Java(TM) SE Runtime Environment (15.0.2+7) (build 15.0.2+7-27)
# Java VM: Java HotSpot(TM) 64-Bit Server VM (15.0.2+7-27, mixed mode, sharing, tiered, compressed oops, g1 gc, bsd-amd64)
GC Precious Log:
 CPUs: 12 total, 12 available
 Memory: 16384M
 Large Page Support: Disabled
 NUMA Support: Disabled
 Compressed Oops: Enabled (Zero based)
 Heap Region Size: 2M
 Heap Min Capacity: 8M
 Heap Initial Capacity: 256M
 Heap Max Capacity: 4G
 Pre-touch: Disabled
 Parallel Workers: 10
 Concurrent Workers: 3
 Concurrent Refinement Workers: 10
 Periodic GC: Disabled
Heap:
 garbage-first heap   total 208896K, used 141823K [0x0000000700000000, 0x0000000800000000)
  region size 2048K, 20 young (40960K), 1 survivors (2048K)
 Metaspace       used 39676K, capacity 40123K, committed 40784K, reserved 1085440K
  class space    used 4334K, capacity 4496K, committed 4556K, reserved 1048576K
GC Heap History (20 events):
Event: 13400.811 GC heap before
{Heap before GC invocations=4861 (full 0):
 garbage-first heap   total 208896K, used 178645K [0x0000000700000000, 0x0000000800000000)
  region size 2048K, 37 young (75776K), 1 survivors (2048K)
 Metaspace       used 39676K, capacity 40123K, committed 40784K, reserved 1085440K
  class space    used 4334K, capacity 4496K, committed 4556K, reserved 1048576K
}
Event: 13400.812 GC heap after
{Heap after GC invocations=4862 (full 0):
 garbage-first heap   total 208896K, used 104815K [0x0000000700000000, 0x0000000800000000)
  region size 2048K, 1 young (2048K), 1 survivors (2048K)
 Metaspace       used 39676K, capacity 40123K, committed 40784K, reserved 1085440K
  class space    used 4334K, capacity 4496K, committed 4556K, reserved 1048576K
}
Event: 13407.468 GC heap before
{Heap before GC invocations=4862 (full 0):
 garbage-first heap   total 208896K, used 178543K [0x0000000700000000, 0x0000000800000000)
  region size 2048K, 37 young (75776K), 1 survivors (2048K)
 Metaspace       used 39676K, capacity 40123K, committed 40784K, reserved 1085440K
  class space    used 4334K, capacity 4496K, committed 4556K, reserved 1048576K
}
Event: 13407.469 GC heap after
{Heap after GC invocations=4863 (full 0):
 garbage-first heap   total 208896K, used 104800K [0x0000000700000000, 0x0000000800000000)
  region size 2048K, 1 young (2048K), 1 survivors (2048K)
 Metaspace       used 39676K, capacity 40123K, committed 40784K, reserved 1085440K
  class space    used 4334K, capacity 4496K, committed 4556K, reserved 1048576K
}
Event: 13414.093 GC heap before
{Heap before GC invocations=4863 (full 0):
 garbage-first heap   total 208896K, used 178528K [0x0000000700000000, 0x0000000800000000)
  region size 2048K, 37 young (75776K), 1 survivors (2048K)
 Metaspace       used 39676K, capacity 40123K, committed 40784K, reserved 1085440K
  class space    used 4334K, capacity 4496K, committed 4556K, reserved 1048576K
}
Event: 13414.095 GC heap after
{Heap after GC invocations=4864 (full 0):
 garbage-first heap   total 208896K, used 104821K [0x0000000700000000, 0x0000000800000000)
  region size 2048K, 1 young (2048K), 1 survivors (2048K)
 Metaspace       used 39676K, capacity 40123K, committed 40784K, reserved 1085440K
  class space    used 4334K, capacity 4496K, committed 4556K, reserved 1048576K
}
Event: 13420.292 GC heap before
{Heap before GC invocations=4864 (full 0):
 garbage-first heap   total 208896K, used 178549K [0x0000000700000000, 0x0000000800000000)
  region size 2048K, 37 young (75776K), 1 survivors (2048K)
 Metaspace       used 39676K, capacity 40123K, committed 40784K, reserved 1085440K
  class space    used 4334K, capacity 4496K, committed 4556K, reserved 1048576K
}
Event: 13420.293 GC heap after
{Heap after GC invocations=4865 (full 0):
 garbage-first heap   total 208896K, used 104834K [0x0000000700000000, 0x0000000800000000)
  region size 2048K, 1 young (2048K), 1 survivors (2048K)
 Metaspace       used 39676K, capacity 40123K, committed 40784K, reserved 1085440K
  class space    used 4334K, capacity 4496K, committed 4556K, reserved 1048576K
}
Event: 13426.967 GC heap before
{Heap before GC invocations=4865 (full 0):
 garbage-first heap   total 208896K, used 178562K [0x0000000700000000, 0x0000000800000000)
  region size 2048K, 37 young (75776K), 1 survivors (2048K)
 Metaspace       used 39676K, capacity 40123K, committed 40784K, reserved 1085440K
  class space    used 4334K, capacity 4496K, committed 4556K, reserved 1048576K
}
Event: 13426.968 GC heap after
{Heap after GC invocations=4866 (full 0):
 garbage-first heap   total 208896K, used 104834K [0x0000000700000000, 0x0000000800000000)
  region size 2048K, 1 young (2048K), 1 survivors (2048K)
 Metaspace       used 39676K, capacity 40123K, committed 40784K, reserved 1085440K
  class space    used 4334K, capacity 4496K, committed 4556K, reserved 1048576K
}
Event: 13433.699 GC heap before
{Heap before GC invocations=4866 (full 0):
 garbage-first heap   total 208896K, used 178562K [0x0000000700000000, 0x0000000800000000)
  region size 2048K, 37 young (75776K), 1 survivors (2048K)
 Metaspace       used 39676K, capacity 40123K, committed 40784K, reserved 1085440K
  class space    used 4334K, capacity 4496K, committed 4556K, reserved 1048576K
}
Event: 13433.700 GC heap after
{Heap after GC invocations=4867 (full 0):
 garbage-first heap   total 208896K, used 104839K [0x0000000700000000, 0x0000000800000000)
  region size 2048K, 1 young (2048K), 1 survivors (2048K)
 Metaspace       used 39676K, capacity 40123K, committed 40784K, reserved 1085440K
  class space    used 4334K, capacity 4496K, committed 4556K, reserved 1048576K
}
Event: 13440.418 GC heap before
{Heap before GC invocations=4867 (full 0):
 garbage-first heap   total 208896K, used 178567K [0x0000000700000000, 0x0000000800000000)
  region size 2048K, 37 young (75776K), 1 survivors (2048K)
 Metaspace       used 39676K, capacity 40123K, committed 40784K, reserved 1085440K
  class space    used 4334K, capacity 4496K, committed 4556K, reserved 1048576K
}
Event: 13440.420 GC heap after
{Heap after GC invocations=4868 (full 0):
 garbage-first heap   total 208896K, used 104841K [0x0000000700000000, 0x0000000800000000)
  region size 2048K, 1 young (2048K), 1 survivors (2048K)
 Metaspace       used 39676K, capacity 40123K, committed 40784K, reserved 1085440K
  class space    used 4334K, capacity 4496K, committed 4556K, reserved 1048576K
}
Event: 13447.077 GC heap before
{Heap before GC invocations=4868 (full 0):
 garbage-first heap   total 208896K, used 178569K [0x0000000700000000, 0x0000000800000000)
  region size 2048K, 37 young (75776K), 1 survivors (2048K)
 Metaspace       used 39676K, capacity 40123K, committed 40784K, reserved 1085440K
  class space    used 4334K, capacity 4496K, committed 4556K, reserved 1048576K
}
Event: 13447.078 GC heap after
{Heap after GC invocations=4869 (full 0):
 garbage-first heap   total 208896K, used 104853K [0x0000000700000000, 0x0000000800000000)
  region size 2048K, 1 young (2048K), 1 survivors (2048K)
 Metaspace       used 39676K, capacity 40123K, committed 40784K, reserved 1085440K
  class space    used 4334K, capacity 4496K, committed 4556K, reserved 1048576K
}
Event: 13448.917 GC heap before
{Heap before GC invocations=4869 (full 0):
 garbage-first heap   total 208896K, used 176533K [0x0000000700000000, 0x0000000800000000)
  region size 2048K, 37 young (75776K), 1 survivors (2048K)
 Metaspace       used 39676K, capacity 40123K, committed 40784K, reserved 1085440K
  class space    used 4334K, capacity 4496K, committed 4556K, reserved 1048576K
}
Event: 13448.918 GC heap after
{Heap after GC invocations=4870 (full 0):
 garbage-first heap   total 208896K, used 104854K [0x0000000700000000, 0x0000000800000000)
  region size 2048K, 1 young (2048K), 1 survivors (2048K)
 Metaspace       used 39676K, capacity 40123K, committed 40784K, reserved 1085440K
  class space    used 4334K, capacity 4496K, committed 4556K, reserved 1048576K
}
Event: 13453.279 GC heap before
{Heap before GC invocations=4870 (full 0):
 garbage-first heap   total 208896K, used 178582K [0x0000000700000000, 0x0000000800000000)
  region size 2048K, 37 young (75776K), 1 survivors (2048K)
 Metaspace       used 39676K, capacity 40123K, committed 40784K, reserved 1085440K
  class space    used 4334K, capacity 4496K, committed 4556K, reserved 1048576K
}
Event: 13453.281 GC heap after
{Heap after GC invocations=4871 (full 0):
 garbage-first heap   total 208896K, used 104959K [0x0000000700000000, 0x0000000800000000)
  region size 2048K, 1 young (2048K), 1 survivors (2048K)
 Metaspace       used 39676K, capacity 40123K, committed 40784K, reserved 1085440K
  class space    used 4334K, capacity 4496K, committed 4556K, reserved 1048576K
}

