# JRE version: Java(TM) SE Runtime Environment (15.0.2+7) (build 15.0.2+7-27)
# Java VM: Java HotSpot(TM) 64-Bit Server VM (15.0.2+7-27, mixed mode, sharing, tiered, compressed oops, g1 gc, bsd-amd64)
GC Precious Log:
 CPUs: 12 total, 12 available
 Memory: 16384M
 Large Page Support: Disabled
 NUMA Support: Disabled
 Compressed Oops: Enabled (Zero based)
 Heap Region Size: 2M
 Heap Min Capacity: 8M
 Heap Initial Capacity: 256M
 Heap Max Capacity: 4G
 Pre-touch: Disabled
 Parallel Workers: 10
 Concurrent Workers: 3
 Concurrent Refinement Workers: 10
 Periodic GC: Disabled
Heap:
 garbage-first heap   total 178176K, used 142423K [0x0000000700000000, 0x0000000800000000)
  region size 2048K, 38 young (77824K), 1 survivors (2048K)
 Metaspace       used 38893K, capacity 39283K, committed 39804K, reserved 1085440K
  class space    used 4343K, capacity 4496K, committed 4608K, reserved 1048576K
GC Heap History (20 events):
Event: 378.825 GC heap before
{Heap before GC invocations=2259 (full 0):
 garbage-first heap   total 178176K, used 152418K [0x0000000700000000, 0x0000000800000000)
  region size 2048K, 42 young (86016K), 1 survivors (2048K)
 Metaspace       used 38891K, capacity 39283K, committed 39804K, reserved 1085440K
  class space    used 4343K, capacity 4496K, committed 4608K, reserved 1048576K
}
Event: 378.826 GC heap after
{Heap after GC invocations=2260 (full 0):
 garbage-first heap   total 178176K, used 68467K [0x0000000700000000, 0x0000000800000000)
  region size 2048K, 1 young (2048K), 1 survivors (2048K)
 Metaspace       used 38891K, capacity 39283K, committed 39804K, reserved 1085440K
  class space    used 4343K, capacity 4496K, committed 4608K, reserved 1048576K
}
Event: 379.012 GC heap before
{Heap before GC invocations=2260 (full 0):
 garbage-first heap   total 178176K, used 152435K [0x0000000700000000, 0x0000000800000000)
  region size 2048K, 42 young (86016K), 1 survivors (2048K)
 Metaspace       used 38891K, capacity 39283K, committed 39804K, reserved 1085440K
  class space    used 4343K, capacity 4496K, committed 4608K, reserved 1048576K
}
Event: 379.013 GC heap after
{Heap after GC invocations=2261 (full 0):
 garbage-first heap   total 178176K, used 68493K [0x0000000700000000, 0x0000000800000000)
  region size 2048K, 1 young (2048K), 1 survivors (2048K)
 Metaspace       used 38891K, capacity 39283K, committed 39804K, reserved 1085440K
  class space    used 4343K, capacity 4496K, committed 4608K, reserved 1048576K
}
Event: 379.178 GC heap before
{Heap before GC invocations=2261 (full 0):
 garbage-first heap   total 178176K, used 152461K [0x0000000700000000, 0x0000000800000000)
  region size 2048K, 42 young (86016K), 1 survivors (2048K)
 Metaspace       used 38891K, capacity 39283K, committed 39804K, reserved 1085440K
  class space    used 4343K, capacity 4496K, committed 4608K, reserved 1048576K
}
Event: 379.179 GC heap after
{Heap after GC invocations=2262 (full 0):
 garbage-first heap   total 178176K, used 68521K [0x0000000700000000, 0x0000000800000000)
  region size 2048K, 1 young (2048K), 1 survivors (2048K)
 Metaspace       used 38891K, capacity 39283K, committed 39804K, reserved 1085440K
  class space    used 4343K, capacity 4496K, committed 4608K, reserved 1048576K
}
Event: 379.341 GC heap before
{Heap before GC invocations=2262 (full 0):
 garbage-first heap   total 178176K, used 152489K [0x0000000700000000, 0x0000000800000000)
  region size 2048K, 42 young (86016K), 1 survivors (2048K)
 Metaspace       used 38891K, capacity 39283K, committed 39804K, reserved 1085440K
  class space    used 4343K, capacity 4496K, committed 4608K, reserved 1048576K
}
Event: 379.342 GC heap after
{Heap after GC invocations=2263 (full 0):
 garbage-first heap   total 178176K, used 68539K [0x0000000700000000, 0x0000000800000000)
  region size 2048K, 1 young (2048K), 1 survivors (2048K)
 Metaspace       used 38891K, capacity 39283K, committed 39804K, reserved 1085440K
  class space    used 4343K, capacity 4496K, committed 4608K, reserved 1048576K
}
Event: 379.508 GC heap before
{Heap before GC invocations=2263 (full 0):
 garbage-first heap   total 178176K, used 152507K [0x0000000700000000, 0x0000000800000000)
  region size 2048K, 42 young (86016K), 1 survivors (2048K)
 Metaspace       used 38891K, capacity 39283K, committed 39804K, reserved 1085440K
  class space    used 4343K, capacity 4496K, committed 4608K, reserved 1048576K
}
Event: 379.508 GC heap after
{Heap after GC invocations=2264 (full 0):
 garbage-first heap   total 178176K, used 68556K [0x0000000700000000, 0x0000000800000000)
  region size 2048K, 1 young (2048K), 1 survivors (2048K)
 Metaspace       used 38891K, capacity 39283K, committed 39804K, reserved 1085440K
  class space    used 4343K, capacity 4496K, committed 4608K, reserved 1048576K
}
Event: 379.709 GC heap before
{Heap before GC invocations=2264 (full 0):
 garbage-first heap   total 178176K, used 152524K [0x0000000700000000, 0x0000000800000000)
  region size 2048K, 42 young (86016K), 1 survivors (2048K)
 Metaspace       used 38891K, capacity 39283K, committed 39804K, reserved 1085440K
  class space    used 4343K, capacity 4496K, committed 4608K, reserved 1048576K
}
Event: 379.710 GC heap after
{Heap after GC invocations=2265 (full 0):
 garbage-first heap   total 178176K, used 68584K [0x0000000700000000, 0x0000000800000000)
  region size 2048K, 1 young (2048K), 1 survivors (2048K)
 Metaspace       used 38891K, capacity 39283K, committed 39804K, reserved 1085440K
  class space    used 4343K, capacity 4496K, committed 4608K, reserved 1048576K
}
Event: 379.899 GC heap before
{Heap before GC invocations=2265 (full 0):
 garbage-first heap   total 178176K, used 152552K [0x0000000700000000, 0x0000000800000000)
  region size 2048K, 42 young (86016K), 1 survivors (2048K)
 Metaspace       used 38892K, capacity 39283K, committed 39804K, reserved 1085440K
  class space    used 4343K, capacity 4496K, committed 4608K, reserved 1048576K
}
Event: 379.900 GC heap after
{Heap after GC invocations=2266 (full 0):
 garbage-first heap   total 178176K, used 68595K [0x0000000700000000, 0x0000000800000000)
  region size 2048K, 1 young (2048K), 1 survivors (2048K)
 Metaspace       used 38892K, capacity 39283K, committed 39804K, reserved 1085440K
  class space    used 4343K, capacity 4496K, committed 4608K, reserved 1048576K
}
Event: 380.067 GC heap before
{Heap before GC invocations=2266 (full 0):
 garbage-first heap   total 178176K, used 152563K [0x0000000700000000, 0x0000000800000000)
  region size 2048K, 42 young (86016K), 1 survivors (2048K)
 Metaspace       used 38893K, capacity 39283K, committed 39804K, reserved 1085440K
  class space    used 4343K, capacity 4496K, committed 4608K, reserved 1048576K
}
Event: 380.068 GC heap after
{Heap after GC invocations=2267 (full 0):
 garbage-first heap   total 178176K, used 68597K [0x0000000700000000, 0x0000000800000000)
  region size 2048K, 1 young (2048K), 1 survivors (2048K)
 Metaspace       used 38893K, capacity 39283K, committed 39804K, reserved 1085440K
  class space    used 4343K, capacity 4496K, committed 4608K, reserved 1048576K
}
Event: 380.195 GC heap before
{Heap before GC invocations=2267 (full 0):
 garbage-first heap   total 178176K, used 150517K [0x0000000700000000, 0x0000000800000000)
  region size 2048K, 42 young (86016K), 1 survivors (2048K)
 Metaspace       used 38893K, capacity 39283K, committed 39804K, reserved 1085440K
  class space    used 4343K, capacity 4496K, committed 4608K, reserved 1048576K
}
Event: 380.195 GC heap after
{Heap after GC invocations=2268 (full 0):
 garbage-first heap   total 178176K, used 68647K [0x0000000700000000, 0x0000000800000000)
  region size 2048K, 1 young (2048K), 1 survivors (2048K)
 Metaspace       used 38893K, capacity 39283K, committed 39804K, reserved 1085440K
  class space    used 4343K, capacity 4496K, committed 4608K, reserved 1048576K
}
Event: 380.292 GC heap before
{Heap before GC invocations=2268 (full 0):
 garbage-first heap   total 178176K, used 152615K [0x0000000700000000, 0x0000000800000000)
  region size 2048K, 42 young (86016K), 1 survivors (2048K)
 Metaspace       used 38893K, capacity 39283K, committed 39804K, reserved 1085440K
  class space    used 4343K, capacity 4496K, committed 4608K, reserved 1048576K
}
Event: 380.292 GC heap after
{Heap after GC invocations=2269 (full 0):
 garbage-first heap   total 178176K, used 68695K [0x0000000700000000, 0x0000000800000000)
  region size 2048K, 1 young (2048K), 1 survivors (2048K)
 Metaspace       used 38893K, capacity 39283K, committed 39804K, reserved 1085440K
  class space    used 4343K, capacity 4496K, committed 4608K, reserved 1048576K
}

